<?xml version="1.0" encoding="UTF-8"?>
<!-- Generated by org.testng.reporters.JUnitReportReporter -->
<testsuite hostname="DESKTOP-7TRJH5U" failures="0" tests="1" name="tutorialninja.register.TC_RF_004" time="6.898" errors="0" timestamp="2025-06-02T21:30:45 IST" skipped="0">
  <testcase classname="tutorialninja.register.TC_RF_004" name="verifyRegistringWithoutFillFields" time="6.898"/>
</testsuite> <!-- tutorialninja.register.TC_RF_004 -->
