<?xml version="1.0" encoding="UTF-8"?>
<!-- Generated by org.testng.reporters.JUnitReportReporter -->
<testsuite hostname="DESKTOP-7TRJH5U" failures="0" tests="1" name="tutorialninja.register.TC_RF_001" time="7.501" errors="0" timestamp="2025-06-01T16:00:43 IST" skipped="0">
  <testcase classname="tutorialninja.register.TC_RF_001" name="verifyRegisterFields" time="7.501"/>
</testsuite> <!-- tutorialninja.register.TC_RF_001 -->
